<?xml version="1.0" encoding="UTF-8"?>
<testng-results ignored="0" total="2" passed="2" failed="0" skipped="0">
  <reporter-output>
  </reporter-output>
  <suite started-at="2025-11-08T22:52:05 IST" name="Suite" finished-at="2025-11-08T22:52:54 IST" duration-ms="48920">
    <groups>
      <group name="regression">
        <method signature="TC_01_Account_Registration.performRegistration()[pri:0, instance:testCases.TC_01_Account_Registration@7f132176]" name="performRegistration" class="testCases.TC_01_Account_Registration"/>
      </group> <!-- regression -->
      <group name="sanity">
        <method signature="TC_02_Login_Test.logInToApp()[pri:0, instance:testCases.TC_02_Login_Test@19835e64]" name="logInToApp" class="testCases.TC_02_Login_Test"/>
      </group> <!-- sanity -->
      <group name="master">
        <method signature="TC_01_Account_Registration.performRegistration()[pri:0, instance:testCases.TC_01_Account_Registration@7f132176]" name="performRegistration" class="testCases.TC_01_Account_Registration"/>
        <method signature="TC_02_Login_Test.logInToApp()[pri:0, instance:testCases.TC_02_Login_Test@19835e64]" name="logInToApp" class="testCases.TC_02_Login_Test"/>
      </group> <!-- master -->
    </groups>
    <test started-at="2025-11-08T22:52:05 IST" name="Linux-Firefox" finished-at="2025-11-08T22:52:54 IST" duration-ms="48920">
      <class name="testCases.TC_02_Login_Test">
        <test-method is-config="true" signature="setUp(java.lang.String,java.lang.String)[pri:0, instance:testCases.TC_02_Login_Test@19835e64]" started-at="2025-11-08T22:52:40 IST" name="setUp" finished-at="2025-11-08T22:52:48 IST" duration-ms="8137" status="PASS">
          <params>
            <param index="0">
              <value>
                <![CDATA[Linux]]>
              </value>
            </param>
            <param index="1">
              <value>
                <![CDATA[firefox]]>
              </value>
            </param>
          </params>
          <reporter-output>
          </reporter-output>
        </test-method> <!-- setUp -->
        <test-method signature="logInToApp()[pri:0, instance:testCases.TC_02_Login_Test@19835e64]" started-at="2025-11-08T22:52:48 IST" name="logInToApp" finished-at="2025-11-08T22:52:52 IST" duration-ms="3603" status="PASS">
          <reporter-output>
          </reporter-output>
        </test-method> <!-- logInToApp -->
        <test-method is-config="true" signature="tearDown()[pri:0, instance:testCases.TC_02_Login_Test@19835e64]" started-at="2025-11-08T22:52:52 IST" name="tearDown" finished-at="2025-11-08T22:52:54 IST" duration-ms="1716" status="PASS">
          <reporter-output>
          </reporter-output>
        </test-method> <!-- tearDown -->
      </class> <!-- testCases.TC_02_Login_Test -->
      <class name="testCases.TC_01_Account_Registration">
        <test-method is-config="true" signature="setUp(java.lang.String,java.lang.String)[pri:0, instance:testCases.TC_01_Account_Registration@7f132176]" started-at="2025-11-08T22:52:05 IST" name="setUp" finished-at="2025-11-08T22:52:28 IST" duration-ms="23272" status="PASS">
          <params>
            <param index="0">
              <value>
                <![CDATA[Linux]]>
              </value>
            </param>
            <param index="1">
              <value>
                <![CDATA[firefox]]>
              </value>
            </param>
          </params>
          <reporter-output>
          </reporter-output>
        </test-method> <!-- setUp -->
        <test-method signature="performRegistration()[pri:0, instance:testCases.TC_01_Account_Registration@7f132176]" started-at="2025-11-08T22:52:29 IST" name="performRegistration" finished-at="2025-11-08T22:52:37 IST" duration-ms="8819" status="PASS">
          <reporter-output>
          </reporter-output>
        </test-method> <!-- performRegistration -->
        <test-method is-config="true" signature="tearDown()[pri:0, instance:testCases.TC_01_Account_Registration@7f132176]" started-at="2025-11-08T22:52:37 IST" name="tearDown" finished-at="2025-11-08T22:52:40 IST" duration-ms="2736" status="PASS">
          <reporter-output>
          </reporter-output>
        </test-method> <!-- tearDown -->
      </class> <!-- testCases.TC_01_Account_Registration -->
    </test> <!-- Linux-Firefox -->
  </suite> <!-- Suite -->
</testng-results>
