<?xml version="1.0" encoding="UTF-8"?>
<!-- Generated by org.testng.reporters.JUnitReportReporter -->
<testsuite hostname="DESKTOP-IFOQRAS" failures="0" tests="5" name="testCases.TC_03_Login_Logout" time="32.460" errors="0" timestamp="2025-10-27T23:54:39 IST" skipped="0">
  <testcase classname="testCases.TC_03_Login_Logout" name="logInLogout" time="2.980"/>
  <testcase classname="testCases.TC_03_Login_Logout" name="logInLogout" time="12.036"/>
  <testcase classname="testCases.TC_03_Login_Logout" name="logInLogout" time="11.953"/>
  <testcase classname="testCases.TC_03_Login_Logout" name="logInLogout" time="2.405"/>
  <testcase classname="testCases.TC_03_Login_Logout" name="logInLogout" time="3.086"/>
</testsuite> <!-- testCases.TC_03_Login_Logout -->
